<?xml version="1.0" encoding="UTF-8"?>
<testsuite xmlns:xsi="http://www.w3.org/2001/XMLSchema-instance" xsi:noNamespaceSchemaLocation="https://maven.apache.org/surefire/maven-surefire-plugin/xsd/surefire-test-report-3.0.xsd" version="3.0" name="com.zireline.algorithm.CheckerTest" time="0.117" tests="1" errors="0" skipped="0" failures="0">
  <properties>
[...]
</properties>
  <testcase name="testGetAllAligned" classname="com.zireline.algorithm.CheckerTest" time="0.073">
    <system-out><![CDATA[Aligned: 0, 0
Aligned: 0, 0
Aligned: 0, 0
Aligned: 4, 4
Aligned: 9, 9
Aligned: 2, 6
Aligned: 2, 6
Aligned: 2, 6
Aligned: 4, 4
Aligned: 4, 4
Aligned: 7, 4
Aligned: 4, 4
Aligned: 9, 9
Aligned: 5, 7
Aligned: 5, 7
Aligned: 5, 7
Aligned: 7, 4
Aligned: 7, 4
Aligned: 7, 4
Aligned: 9, 9
Aligned: 9, 9
Aligned: 9, 9
]]></system-out>
  </testcase>
</testsuite>